Microsoft (R) Macro Assembler Version 14.33.31629.0	    12/13/22 01:39:36
AsmData.asm						     Page 1 - 1


				.586P
				.MODEL FLAT, STDCALL
				includelib kernel32.lib

				ExitProcess PROTO : DWORD
				MessageBoxA PROTO : DWORD, : DWORD, : DWORD, : DWORD

				.STACK 4096

 00000000			.CONST

 00000000			.DATA

 = 00000000			MB_OK	EQU 0
 00000000 20 00			STRF    BYTE " ", 0
 00000002 CF E5 F0 E5 EC	STR1	BYTE "Переменная bool: ", 0
	   E5 ED ED E0 FF
	   20 62 6F 6F 6C
	   3A 20 00
 00000014 CB E8 F2 E5 F0	STR2	BYTE "Литерал:     ", 0
	   E0 EB 3A 20 20
	   20 20 20 00
 00000022 00			 VarBool BYTE 0
 00000023 34 35 33 33 00	NumbLiteral BYTE "4533", 0
 = 00000007			Numb EQU 7
 00000028 00			HW		DB ? 
 = 00000010			STROFF1 EQU 16
 = 00000009			STROFF2 EQU 9

 00000000			.CODE

 00000000			main PROC
 00000000			START :
 00000000  BE 00000002 R	mov ESI, OFFSET STR1
 00000005  83 C6 10		add ESI, STROFF1
 00000008  A0 00000022 R	mov AL, VarBool
 0000000D  04 30		add AL, 30h
 0000000F  88 06		mov BYTE ptr[ESI], AL

				invoke MessageBoxA, MB_OK, offset STR1, offset STRF, HW

 00000030  BE 00000000		mov ESI, 0

 00000035  B9 00000000		MOV ECX, 0
 0000003A  B8 00000000		MOV EAX, 0

				.WHILE 0
 00000041  BE 00000014 R		MOV ESI, OFFSET STR2
 00000046  83 C6 09			ADD ESI, STROFF2
 00000049  03 F1			ADD ESI, ECX

 0000004B  BF 00000023 R		MOV EDI, OFFSET NumbLiteral
 00000050  03 F9			ADD EDI, ECX

 00000052  8A 17			MOV DL, BYTE PTR[EDI]

 00000054  88 16			MOV[ESI], DL

 00000056  41				INC ECX
					.ENDW

					invoke MessageBoxA, MB_OK, offset STR2, offset STRF, HW

 00000076  6A FF			push - 1
 00000078  E8 00000000 E		call ExitProcess

 0000007D				main ENDP
					end main
Microsoft (R) Macro Assembler Version 14.33.31629.0	    12/13/22 01:39:36
AsmData.asm						     Symbols 2 - 1




Segments and Groups:

                N a m e                 Size     Length   Align   Combine Class

CONST  . . . . . . . . . . . . .	32 Bit	 00000000 Para	  Public  'CONST'	 ReadOnly
FLAT . . . . . . . . . . . . . .	GROUP
STACK  . . . . . . . . . . . . .	32 Bit	 00001000 Para	  Stack	  'STACK'	 
_DATA  . . . . . . . . . . . . .	32 Bit	 00000029 Para	  Public  'DATA'	
_TEXT  . . . . . . . . . . . . .	32 Bit	 0000007D Para	  Public  'CODE'	


Procedures, parameters, and locals:

                N a m e                 Type     Value    Attr

ExitProcess  . . . . . . . . . .	P Near	 00000000 FLAT	Length= 00000000 External STDCALL
MessageBoxA  . . . . . . . . . .	P Near	 00000000 FLAT	Length= 00000000 External STDCALL
main . . . . . . . . . . . . . .	P Near	 00000000 _TEXT	Length= 0000007D Public STDCALL
  START  . . . . . . . . . . . .	L Near	 00000000 _TEXT	


Symbols:

                N a m e                 Type     Value    Attr

@CodeSize  . . . . . . . . . . .	Number	 00000000h   
@DataSize  . . . . . . . . . . .	Number	 00000000h   
@Interface . . . . . . . . . . .	Number	 00000003h   
@Model . . . . . . . . . . . . .	Number	 00000007h   
@code  . . . . . . . . . . . . .	Text   	 _TEXT
@data  . . . . . . . . . . . . .	Text   	 FLAT
@fardata?  . . . . . . . . . . .	Text   	 FLAT
@fardata . . . . . . . . . . . .	Text   	 FLAT
@stack . . . . . . . . . . . . .	Text   	 FLAT
HW . . . . . . . . . . . . . . .	Byte	 00000028 _DATA	
MB_OK  . . . . . . . . . . . . .	Number	 00000000h   
NumbLiteral  . . . . . . . . . .	Byte	 00000023 _DATA	
Numb . . . . . . . . . . . . . .	Number	 00000007h   
STR1 . . . . . . . . . . . . . .	Byte	 00000002 _DATA	
STR2 . . . . . . . . . . . . . .	Byte	 00000014 _DATA	
STRF . . . . . . . . . . . . . .	Byte	 00000000 _DATA	
STROFF1  . . . . . . . . . . . .	Number	 00000010h   
STROFF2  . . . . . . . . . . . .	Number	 00000009h   
VarBool  . . . . . . . . . . . .	Byte	 00000022 _DATA	

	   0 Warnings
	   0 Errors
